Determining if the Q_WS_WIN exist failed with the following output:
Change Dir: /home/christian/Github_projects/rovi_final/robotics/SamplePluginPA10/build/CMakeFiles/CMakeTmp

Run Build Command:/usr/bin/make "cmTryCompileExec3976109524/fast"
/usr/bin/make -f CMakeFiles/cmTryCompileExec3976109524.dir/build.make CMakeFiles/cmTryCompileExec3976109524.dir/build
make[1]: Entering directory `/home/christian/Github_projects/rovi_final/robotics/SamplePluginPA10/build/CMakeFiles/CMakeTmp'
/usr/bin/cmake -E cmake_progress_report /home/christian/Github_projects/rovi_final/robotics/SamplePluginPA10/build/CMakeFiles/CMakeTmp/CMakeFiles 1
Building CXX object CMakeFiles/cmTryCompileExec3976109524.dir/CheckSymbolExists.cxx.o
/usr/bin/c++    -std=c++11  -I/usr/include/qt4    -o CMakeFiles/cmTryCompileExec3976109524.dir/CheckSymbolExists.cxx.o -c /home/christian/Github_projects/rovi_final/robotics/SamplePluginPA10/build/CMakeFiles/CMakeTmp/CheckSymbolExists.cxx
/home/christian/Github_projects/rovi_final/robotics/SamplePluginPA10/build/CMakeFiles/CMakeTmp/CheckSymbolExists.cxx: In function ‘int main(int, char**)’:
/home/christian/Github_projects/rovi_final/robotics/SamplePluginPA10/build/CMakeFiles/CMakeTmp/CheckSymbolExists.cxx:8:19: error: ‘Q_WS_WIN’ was not declared in this scope
   return ((int*)(&Q_WS_WIN))[argc];
                   ^
make[1]: *** [CMakeFiles/cmTryCompileExec3976109524.dir/CheckSymbolExists.cxx.o] Error 1
make[1]: Leaving directory `/home/christian/Github_projects/rovi_final/robotics/SamplePluginPA10/build/CMakeFiles/CMakeTmp'
make: *** [cmTryCompileExec3976109524/fast] Error 2

File /home/christian/Github_projects/rovi_final/robotics/SamplePluginPA10/build/CMakeFiles/CMakeTmp/CheckSymbolExists.cxx:
/* */
#include <QtCore/qglobal.h>

int main(int argc, char** argv)
{
  (void)argv;
#ifndef Q_WS_WIN
  return ((int*)(&Q_WS_WIN))[argc];
#else
  (void)argc;
  return 0;
#endif
}

Determining if the Q_WS_QWS exist failed with the following output:
Change Dir: /home/christian/Github_projects/rovi_final/robotics/SamplePluginPA10/build/CMakeFiles/CMakeTmp

Run Build Command:/usr/bin/make "cmTryCompileExec4276858621/fast"
/usr/bin/make -f CMakeFiles/cmTryCompileExec4276858621.dir/build.make CMakeFiles/cmTryCompileExec4276858621.dir/build
make[1]: Entering directory `/home/christian/Github_projects/rovi_final/robotics/SamplePluginPA10/build/CMakeFiles/CMakeTmp'
/usr/bin/cmake -E cmake_progress_report /home/christian/Github_projects/rovi_final/robotics/SamplePluginPA10/build/CMakeFiles/CMakeTmp/CMakeFiles 1
Building CXX object CMakeFiles/cmTryCompileExec4276858621.dir/CheckSymbolExists.cxx.o
/usr/bin/c++    -std=c++11  -I/usr/include/qt4    -o CMakeFiles/cmTryCompileExec4276858621.dir/CheckSymbolExists.cxx.o -c /home/christian/Github_projects/rovi_final/robotics/SamplePluginPA10/build/CMakeFiles/CMakeTmp/CheckSymbolExists.cxx
/home/christian/Github_projects/rovi_final/robotics/SamplePluginPA10/build/CMakeFiles/CMakeTmp/CheckSymbolExists.cxx: In function ‘int main(int, char**)’:
/home/christian/Github_projects/rovi_final/robotics/SamplePluginPA10/build/CMakeFiles/CMakeTmp/CheckSymbolExists.cxx:8:19: error: ‘Q_WS_QWS’ was not declared in this scope
   return ((int*)(&Q_WS_QWS))[argc];
                   ^
make[1]: *** [CMakeFiles/cmTryCompileExec4276858621.dir/CheckSymbolExists.cxx.o] Error 1
make[1]: Leaving directory `/home/christian/Github_projects/rovi_final/robotics/SamplePluginPA10/build/CMakeFiles/CMakeTmp'
make: *** [cmTryCompileExec4276858621/fast] Error 2

File /home/christian/Github_projects/rovi_final/robotics/SamplePluginPA10/build/CMakeFiles/CMakeTmp/CheckSymbolExists.cxx:
/* */
#include <QtCore/qglobal.h>

int main(int argc, char** argv)
{
  (void)argv;
#ifndef Q_WS_QWS
  return ((int*)(&Q_WS_QWS))[argc];
#else
  (void)argc;
  return 0;
#endif
}

Determining if the Q_WS_MAC exist failed with the following output:
Change Dir: /home/christian/Github_projects/rovi_final/robotics/SamplePluginPA10/build/CMakeFiles/CMakeTmp

Run Build Command:/usr/bin/make "cmTryCompileExec303941582/fast"
/usr/bin/make -f CMakeFiles/cmTryCompileExec303941582.dir/build.make CMakeFiles/cmTryCompileExec303941582.dir/build
make[1]: Entering directory `/home/christian/Github_projects/rovi_final/robotics/SamplePluginPA10/build/CMakeFiles/CMakeTmp'
/usr/bin/cmake -E cmake_progress_report /home/christian/Github_projects/rovi_final/robotics/SamplePluginPA10/build/CMakeFiles/CMakeTmp/CMakeFiles 1
Building CXX object CMakeFiles/cmTryCompileExec303941582.dir/CheckSymbolExists.cxx.o
/usr/bin/c++    -std=c++11  -I/usr/include/qt4    -o CMakeFiles/cmTryCompileExec303941582.dir/CheckSymbolExists.cxx.o -c /home/christian/Github_projects/rovi_final/robotics/SamplePluginPA10/build/CMakeFiles/CMakeTmp/CheckSymbolExists.cxx
/home/christian/Github_projects/rovi_final/robotics/SamplePluginPA10/build/CMakeFiles/CMakeTmp/CheckSymbolExists.cxx: In function ‘int main(int, char**)’:
/home/christian/Github_projects/rovi_final/robotics/SamplePluginPA10/build/CMakeFiles/CMakeTmp/CheckSymbolExists.cxx:8:19: error: ‘Q_WS_MAC’ was not declared in this scope
   return ((int*)(&Q_WS_MAC))[argc];
                   ^
make[1]: *** [CMakeFiles/cmTryCompileExec303941582.dir/CheckSymbolExists.cxx.o] Error 1
make[1]: Leaving directory `/home/christian/Github_projects/rovi_final/robotics/SamplePluginPA10/build/CMakeFiles/CMakeTmp'
make: *** [cmTryCompileExec303941582/fast] Error 2

File /home/christian/Github_projects/rovi_final/robotics/SamplePluginPA10/build/CMakeFiles/CMakeTmp/CheckSymbolExists.cxx:
/* */
#include <QtCore/qglobal.h>

int main(int argc, char** argv)
{
  (void)argv;
#ifndef Q_WS_MAC
  return ((int*)(&Q_WS_MAC))[argc];
#else
  (void)argc;
  return 0;
#endif
}

